/var/spool/slurmd/job24202/slurm_script: line 13: activate: No such file or directory
master_addr is only used for static rdzv_backend and when rdzv_endpoint is not specified.
WARNING:__main__:
*****************************************
Setting OMP_NUM_THREADS environment variable for each process to be 1 in default, to avoid your system being overloaded, please further tune the variable for optimal performance in your application as needed. 
*****************************************
Overriding config with config/train_gpt2.py:
Overriding config with config/train_gpt2.py:
Overriding config with config/train_gpt2.py:
Overriding config with config/train_gpt2.py:Overriding config with config/train_gpt2.py:

Overriding config with config/train_gpt2.py:
Overriding config with config/train_gpt2.py:
Overriding config with config/train_gpt2.py:
# config for training GPT-2 (124M) down to very nice loss of ~2.85 on 1 node of 8X A100 40GB
# launch as the following (e.g. in a screen session) and wait ~5 days:
# $ torchrun --standalone --nproc_per_node=8 train.py config/train_gpt2.py

wandb_log = True
wandb_project = 'owt'
wandb_run_name='gpt2-124M'

# these make the total batch size be ~0.5M
# 12 batch size * 1024 block size * 5 gradaccum * 8 GPUs = 491,520
batch_size =20
block_size = 1024
gradient_accumulation_steps = 3

# this makes total number of tokens be 300B
max_iters = 600000
lr_decay_iters = 600000

# eval stuff
eval_interval = 1000
eval_iters = 200
log_interval = 10

# weight decay
weight_decay = 1e-1
# config for training GPT-2 (124M) down to very nice loss of ~2.85 on 1 node of 8X A100 40GB
# launch as the following (e.g. in a screen session) and wait ~5 days:
# $ torchrun --standalone --nproc_per_node=8 train.py config/train_gpt2.py

wandb_log = True
wandb_project = 'owt'
wandb_run_name='gpt2-124M'

# these make the total batch size be ~0.5M
# 12 batch size * 1024 block size * 5 gradaccum * 8 GPUs = 491,520
batch_size =20
block_size = 1024
gradient_accumulation_steps = 3

# this makes total number of tokens be 300B
max_iters = 600000
lr_decay_iters = 600000

# eval stuff
eval_interval = 1000
eval_iters = 200
log_interval = 10

# weight decay
weight_decay = 1e-1


# config for training GPT-2 (124M) down to very nice loss of ~2.85 on 1 node of 8X A100 40GB
# launch as the following (e.g. in a screen session) and wait ~5 days:
# $ torchrun --standalone --nproc_per_node=8 train.py config/train_gpt2.py

wandb_log = True
wandb_project = 'owt'
wandb_run_name='gpt2-124M'

# these make the total batch size be ~0.5M
# 12 batch size * 1024 block size * 5 gradaccum * 8 GPUs = 491,520
batch_size =20
block_size = 1024
gradient_accumulation_steps = 3

# this makes total number of tokens be 300B
max_iters = 600000
lr_decay_iters = 600000

# eval stuff
eval_interval = 1000
eval_iters = 200
log_interval = 10

# weight decay
weight_decay = 1e-1
# config for training GPT-2 (124M) down to very nice loss of ~2.85 on 1 node of 8X A100 40GB
# launch as the following (e.g. in a screen session) and wait ~5 days:
# $ torchrun --standalone --nproc_per_node=8 train.py config/train_gpt2.py

wandb_log = True
wandb_project = 'owt'
wandb_run_name='gpt2-124M'

# these make the total batch size be ~0.5M
# 12 batch size * 1024 block size * 5 gradaccum * 8 GPUs = 491,520
batch_size =20
block_size = 1024
gradient_accumulation_steps = 3

# this makes total number of tokens be 300B
max_iters = 600000
lr_decay_iters = 600000

# eval stuff
eval_interval = 1000
eval_iters = 200
log_interval = 10

# weight decay
weight_decay = 1e-1


# config for training GPT-2 (124M) down to very nice loss of ~2.85 on 1 node of 8X A100 40GB
# launch as the following (e.g. in a screen session) and wait ~5 days:
# $ torchrun --standalone --nproc_per_node=8 train.py config/train_gpt2.py

wandb_log = True
wandb_project = 'owt'
wandb_run_name='gpt2-124M'

# these make the total batch size be ~0.5M
# 12 batch size * 1024 block size * 5 gradaccum * 8 GPUs = 491,520
batch_size =20
block_size = 1024
gradient_accumulation_steps = 3

# this makes total number of tokens be 300B
max_iters = 600000
lr_decay_iters = 600000

# eval stuff
eval_interval = 1000
eval_iters = 200
log_interval = 10

# weight decay
weight_decay = 1e-1

# config for training GPT-2 (124M) down to very nice loss of ~2.85 on 1 node of 8X A100 40GB
# launch as the following (e.g. in a screen session) and wait ~5 days:
# $ torchrun --standalone --nproc_per_node=8 train.py config/train_gpt2.py

wandb_log = True
wandb_project = 'owt'
wandb_run_name='gpt2-124M'

# these make the total batch size be ~0.5M
# 12 batch size * 1024 block size * 5 gradaccum * 8 GPUs = 491,520
batch_size =20
block_size = 1024
gradient_accumulation_steps = 3

# this makes total number of tokens be 300B
max_iters = 600000
lr_decay_iters = 600000

# eval stuff
eval_interval = 1000
eval_iters = 200
log_interval = 10

# weight decay
weight_decay = 1e-1

# config for training GPT-2 (124M) down to very nice loss of ~2.85 on 1 node of 8X A100 40GB
# launch as the following (e.g. in a screen session) and wait ~5 days:
# $ torchrun --standalone --nproc_per_node=8 train.py config/train_gpt2.py

wandb_log = True
wandb_project = 'owt'
wandb_run_name='gpt2-124M'

# these make the total batch size be ~0.5M
# 12 batch size * 1024 block size * 5 gradaccum * 8 GPUs = 491,520
batch_size =20
block_size = 1024
gradient_accumulation_steps = 3

# this makes total number of tokens be 300B
max_iters = 600000
lr_decay_iters = 600000

# eval stuff
eval_interval = 1000
eval_iters = 200
log_interval = 10

# weight decay
weight_decay = 1e-1

# config for training GPT-2 (124M) down to very nice loss of ~2.85 on 1 node of 8X A100 40GB
# launch as the following (e.g. in a screen session) and wait ~5 days:
# $ torchrun --standalone --nproc_per_node=8 train.py config/train_gpt2.py

wandb_log = True
wandb_project = 'owt'
wandb_run_name='gpt2-124M'

# these make the total batch size be ~0.5M
# 12 batch size * 1024 block size * 5 gradaccum * 8 GPUs = 491,520
batch_size =20
block_size = 1024
gradient_accumulation_steps = 3

# this makes total number of tokens be 300B
max_iters = 600000
lr_decay_iters = 600000

# eval stuff
eval_interval = 1000
eval_iters = 200
log_interval = 10

# weight decay
weight_decay = 1e-1

Initializing a new model from scratch
defaulting to vocab_size of GPT-2 to 50304 (50257 rounded up for efficiency)
Initializing a new model from scratch
defaulting to vocab_size of GPT-2 to 50304 (50257 rounded up for efficiency)
Initializing a new model from scratch
defaulting to vocab_size of GPT-2 to 50304 (50257 rounded up for efficiency)
Initializing a new model from scratch
defaulting to vocab_size of GPT-2 to 50304 (50257 rounded up for efficiency)
Initializing a new model from scratch
defaulting to vocab_size of GPT-2 to 50304 (50257 rounded up for efficiency)
Initializing a new model from scratch
defaulting to vocab_size of GPT-2 to 50304 (50257 rounded up for efficiency)
Initializing a new model from scratch
defaulting to vocab_size of GPT-2 to 50304 (50257 rounded up for efficiency)
Initializing a new model from scratch
defaulting to vocab_size of GPT-2 to 50304 (50257 rounded up for efficiency)
WARNING:torch.distributed.elastic.multiprocessing.api:Sending process 1733577 closing signal SIGTERM
WARNING:torch.distributed.elastic.multiprocessing.api:Sending process 1733578 closing signal SIGTERM
WARNING:torch.distributed.elastic.multiprocessing.api:Sending process 1733579 closing signal SIGTERM
WARNING:torch.distributed.elastic.multiprocessing.api:Sending process 1733580 closing signal SIGTERM
WARNING:torch.distributed.elastic.multiprocessing.api:Sending process 1733581 closing signal SIGTERM
WARNING:torch.distributed.elastic.multiprocessing.api:Sending process 1733582 closing signal SIGTERM
WARNING:torch.distributed.elastic.multiprocessing.api:Sending process 1733583 closing signal SIGTERM
ERROR:torch.distributed.elastic.multiprocessing.api:failed (exitcode: -9) local_rank: 7 (pid: 1733584) of binary: /home/pengyue/anaconda3/envs/transformer/bin/python
Traceback (most recent call last):
  File "<frozen runpy>", line 198, in _run_module_as_main
  File "<frozen runpy>", line 88, in _run_code
  File "/home/pengyue/anaconda3/envs/transformer/lib/python3.11/site-packages/torch/distributed/run.py", line 798, in <module>
    main()
  File "/home/pengyue/anaconda3/envs/transformer/lib/python3.11/site-packages/torch/distributed/elastic/multiprocessing/errors/__init__.py", line 346, in wrapper
    return f(*args, **kwargs)
           ^^^^^^^^^^^^^^^^^^
  File "/home/pengyue/anaconda3/envs/transformer/lib/python3.11/site-packages/torch/distributed/run.py", line 794, in main
    run(args)
  File "/home/pengyue/anaconda3/envs/transformer/lib/python3.11/site-packages/torch/distributed/run.py", line 785, in run
    elastic_launch(
  File "/home/pengyue/anaconda3/envs/transformer/lib/python3.11/site-packages/torch/distributed/launcher/api.py", line 134, in __call__
    return launch_agent(self._config, self._entrypoint, list(args))
           ^^^^^^^^^^^^^^^^^^^^^^^^^^^^^^^^^^^^^^^^^^^^^^^^^^^^^^^^
  File "/home/pengyue/anaconda3/envs/transformer/lib/python3.11/site-packages/torch/distributed/launcher/api.py", line 250, in launch_agent
    raise ChildFailedError(
torch.distributed.elastic.multiprocessing.errors.ChildFailedError: 
========================================================
train.py FAILED
--------------------------------------------------------
Failures:
  <NO_OTHER_FAILURES>
--------------------------------------------------------
Root Cause (first observed failure):
[0]:
  time      : 2023-03-30_16:24:47
  host      : hgx047.scc.idea
  rank      : 7 (local_rank: 7)
  exitcode  : -9 (pid: 1733584)
  error_file: <N/A>
  traceback : Signal 9 (SIGKILL) received by PID 1733584
========================================================
slurmstepd-hgx047: error: Detected 2 oom-kill event(s) in step 24202.batch cgroup. Some of your processes may have been killed by the cgroup out-of-memory handler.
